  Game.cpp
  Graphic.cpp
  Gui.cpp
c:\users\pawel\documents\github\pk4\simcity2d\simcity2d_project\gui.cpp(157): warning C4267: "argument": konwersja z "size_t" do "unsigned short", możliwa utrata danych
  main.cpp
  MainMenu.cpp
c:\users\pawel\documents\github\pk4\simcity2d\simcity2d_project\mainmenu.cpp(26): warning C4244: "argument": konwersja z "T" do "float", możliwa utrata danych
          with
          [
              T=unsigned int
          ]
c:\users\pawel\documents\github\pk4\simcity2d\simcity2d_project\mainmenu.cpp(33): warning C4244: "argument": konwersja z "T" do "float", możliwa utrata danych
          with
          [
              T=unsigned int
          ]
c:\users\pawel\documents\github\pk4\simcity2d\simcity2d_project\mainmenu.cpp(39): warning C4244: "argument": konwersja z "T" do "float", możliwa utrata danych
          with
          [
              T=unsigned int
          ]
c:\users\pawel\documents\github\pk4\simcity2d\simcity2d_project\mainmenu.cpp(45): warning C4244: "argument": konwersja z "T" do "float", możliwa utrata danych
          with
          [
              T=unsigned int
          ]
  Options.cpp
c:\users\pawel\documents\github\pk4\simcity2d\simcity2d_project\options.cpp(23): warning C4244: "argument": konwersja z "T" do "float", możliwa utrata danych
          with
          [
              T=unsigned int
          ]
c:\users\pawel\documents\github\pk4\simcity2d\simcity2d_project\options.cpp(29): warning C4244: "argument": konwersja z "T" do "float", możliwa utrata danych
          with
          [
              T=unsigned int
          ]
c:\users\pawel\documents\github\pk4\simcity2d\simcity2d_project\options.cpp(40): warning C4267: "argument": konwersja z "size_t" do "unsigned int", możliwa utrata danych
  StateMachine.cpp
  Generowanie kodu...
c:\users\pawel\documents\github\pk4\simcity2d\simcity2d_project\main.cpp(11): warning C4717: "Messagebox": cykliczne we wszystkich ścieżkach przepływu, funkcja spowoduje przepełnienie stosu w trakcie wykonywania
sfml-graphics-d.lib(sfml-graphics-d-2.dll) : fatal error LNK1112: wystąpił konflikt typu maszyny modułu „x86” z typem maszyny docelowej „x64”
